<?xml version="1.0" encoding="UTF-8"?>
<!-- Generated by org.testng.reporters.JUnitReportReporter -->
<testsuite hostname="LAPTOP-8DR5UJ6A" failures="0" tests="1" name="TestCases.verifySignUpPage" time="12.604" errors="0" timestamp="2023-08-16T13:22:46 IST" skipped="0">
  <testcase classname="TestCases.verifySignUpPage" name="signUP" time="12.604"/>
  <system-out/>
</testsuite> <!-- TestCases.verifySignUpPage -->
